<?xml version="1.0" encoding="UTF-8"?>
<testng-results ignored="0" total="1" passed="1" failed="0" skipped="0">
  <reporter-output>
    <line>
      <![CDATA[hello world]]>
    </line>
  </reporter-output>
  <suite started-at="2024-06-11T20:26:32 IST" name="Default suite" finished-at="2024-06-11T20:26:32 IST" duration-ms="73">
    <groups>
    </groups>
    <test started-at="2024-06-11T20:26:32 IST" name="Default test" finished-at="2024-06-11T20:26:32 IST" duration-ms="73">
      <class name="com.Nihosclientsoftz.testscript.CustomerModule">
        <test-method signature="CreateCustomer()[pri:0, instance:com.Nihosclientsoftz.testscript.CustomerModule@47e2e487]" started-at="2024-06-11T20:26:32 IST" name="CreateCustomer" finished-at="2024-06-11T20:26:32 IST" duration-ms="13" status="PASS">
          <reporter-output>
            <line>
              <![CDATA[hello world]]>
            </line>
          </reporter-output>
        </test-method> <!-- CreateCustomer -->
      </class> <!-- com.Nihosclientsoftz.testscript.CustomerModule -->
    </test> <!-- Default test -->
  </suite> <!-- Default suite -->
</testng-results>
